<?xml version="1.0" encoding="UTF-8"?>
<!-- Generated by org.testng.reporters.JUnitReportReporter -->
<testsuite skipped="0" hostname="DESKTOP-FV0I4VU" name="practise.AppiumFramework.ApiDemoTest" tests="2" failures="0" timestamp="17 Jun 2019 21:00:55 GMT" time="89.012" errors="0">
  <testcase name="apiDemoTest" time="42.192" classname="practise.AppiumFramework.ApiDemoTest"/>
  <testcase name="apiDemoTest" time="46.820" classname="practise.AppiumFramework.ApiDemoTest"/>
</testsuite> <!-- practise.AppiumFramework.ApiDemoTest -->
